2024-05-02 13:42:04 INFO  Mayoclinic:62 - open URL
  2024-05-02 13:42:09 INFO  Mayoclinic:69 - Designation
  2024-05-02 13:42:12 WARN  Mayoclinic:74 - wait for 3 sec
  2024-05-02 13:42:16 WARN  Mayoclinic:84 - wait for 3 sec
  2024-05-02 13:42:23 WARN  Mayoclinic:96 - wait for 3 sec
  2024-05-02 13:42:23 INFO  Mayoclinic:97 - personal details filled
  2024-05-02 13:42:24 INFO  Mayoclinic:103 - terminated
  2024-05-02 14:04:19 INFO  Mayoclinic:62 - open URL
  2024-05-02 14:04:30 INFO  Mayoclinic:69 - Designation
  2024-05-02 14:04:33 WARN  Mayoclinic:74 - wait for 3 sec
  2024-05-02 14:04:36 WARN  Mayoclinic:84 - wait for 3 sec
  2024-05-02 14:04:43 WARN  Mayoclinic:96 - wait for 3 sec
  2024-05-02 14:04:43 INFO  Mayoclinic:97 - personal details filled
  2024-05-02 14:04:44 INFO  Mayoclinic:103 - terminated
  2024-05-02 14:07:10 INFO  Mayoclinic:62 - open URL
  2024-05-02 14:07:17 INFO  Mayoclinic:69 - Designation
  2024-05-02 14:07:21 WARN  Mayoclinic:74 - wait for 3 sec
  2024-05-02 14:07:24 WARN  Mayoclinic:84 - wait for 3 sec
  2024-05-02 14:07:31 WARN  Mayoclinic:96 - wait for 3 sec
  2024-05-02 14:07:31 INFO  Mayoclinic:97 - personal details filled
  2024-05-02 14:07:33 INFO  Mayoclinic:103 - terminated
  2024-05-02 14:20:27 INFO  Mayoclinic:62 - open URL
  2024-05-02 14:20:34 INFO  Mayoclinic:69 - Designation
  2024-05-02 14:20:37 WARN  Mayoclinic:74 - wait for 3 sec
  2024-05-02 14:20:41 WARN  Mayoclinic:84 - wait for 3 sec
  2024-05-02 14:20:48 WARN  Mayoclinic:96 - wait for 3 sec
  2024-05-02 14:20:48 INFO  Mayoclinic:97 - personal details filled
  2024-05-02 14:20:48 INFO  Mayoclinic:103 - terminated
  2024-05-02 14:25:38 INFO  Mayoclinic:62 - open URL
  2024-05-02 14:25:47 INFO  Mayoclinic:69 - Designation
  2024-05-02 14:25:50 WARN  Mayoclinic:74 - wait for 3 sec
  2024-05-02 14:25:54 WARN  Mayoclinic:84 - wait for 3 sec
  2024-05-02 14:26:01 WARN  Mayoclinic:96 - wait for 3 sec
  2024-05-02 14:26:01 INFO  Mayoclinic:97 - personal details filled
  2024-05-02 14:26:02 INFO  Mayoclinic:103 - terminated
  